Using pre-set license
Built from '2020.2/release' branch; Version is '2020.2.2f1 (068178b99f32) revision 426360'; Using compiler version '192528614'; Build Type 'Release'
OS: 'Windows 10 Home; OS build 19041.804; Version 2004; 64bit' Language: 'en' Physical Memory: 16191 MB
BatchMode: 1, IsHumanControllingUs: 0, StartBugReporterOnCrash: 0, Is64bit: 1, IsPro: 0

 COMMAND LINE ARGUMENTS:
D:\UnityEditor\2020.2.2f1\Editor\Unity.exe
-adb2
-batchMode
-noUpm
-name
AssetImportWorker0
-projectPath
D:/TPKGames/FlappyBird
-logFile
Logs/AssetImportWorker0.log
-srvPort
50229
Successfully changed project path to: D:/TPKGames/FlappyBird
D:/TPKGames/FlappyBird
Using Asset Import Pipeline V2.
Refreshing native plugins compatible for Editor in 56.80 ms, found 1 plugins.
Preloading 0 native plugins for Editor in 0.00 ms.
Initialize engine version: 2020.2.2f1 (068178b99f32)
[Subsystems] Discovering subsystems at path D:/UnityEditor/2020.2.2f1/Editor/Data/Resources/UnitySubsystems
[Subsystems] Discovering subsystems at path D:/TPKGames/FlappyBird/Assets
GfxDevice: creating device client; threaded=0
Direct3D:
    Version:  Direct3D 11.0 [level 11.1]
    Renderer: NVIDIA GeForce GTX 1660 Ti (ID=0x2191)
    Vendor:   
    VRAM:     5991 MB
    Driver:   27.21.14.6140
Initialize mono
Mono path[0] = 'D:/UnityEditor/2020.2.2f1/Editor/Data/Managed'
Mono path[1] = 'D:/UnityEditor/2020.2.2f1/Editor/Data/MonoBleedingEdge/lib/mono/unityjit'
Mono config path = 'D:/UnityEditor/2020.2.2f1/Editor/Data/MonoBleedingEdge/etc'
Using monoOptions --debugger-agent=transport=dt_socket,embedding=1,server=y,suspend=n,address=127.0.0.1:56044
Begin MonoManager ReloadAssembly
Registering precompiled unity dll's ...
Register platform support module: D:/UnityEditor/2020.2.2f1/Editor/Data/PlaybackEngines/WebGLSupport/UnityEditor.WebGL.Extensions.dll
Register platform support module: D:/UnityEditor/2020.2.2f1/Editor/Data/PlaybackEngines/WindowsStandaloneSupport/UnityEditor.WindowsStandalone.Extensions.dll
Registered in 0.002259 seconds.
Native extension for WindowsStandalone target not found
Native extension for WebGL target not found
Refreshing native plugins compatible for Editor in 57.41 ms, found 1 plugins.
Preloading 0 native plugins for Editor in 0.00 ms.
Invoked RoslynAnalysisRunner static constructor.
RoslynAnalysisRunner will not be running.
RoslynAnalysisRunner has terminated.
Mono: successfully reloaded assembly
- Completed reload, in  2.599 seconds
Platform modules already initialized, skipping
Registering precompiled user dll's ...
Registered in 0.001203 seconds.
Begin MonoManager ReloadAssembly
Native extension for WindowsStandalone target not found
Native extension for WebGL target not found
Refreshing native plugins compatible for Editor in 84.37 ms, found 1 plugins.
Preloading 0 native plugins for Editor in 0.00 ms.
Invoked RoslynAnalysisRunner static constructor.
RoslynAnalysisRunner will not be running.
RoslynAnalysisRunner has terminated.
Mono: successfully reloaded assembly
- Completed reload, in  1.486 seconds
Platform modules already initialized, skipping
========================================================================
Worker process is ready to serve import requests
Launched and connected shader compiler UnityShaderCompiler.exe after 0.08 seconds
Refreshing native plugins compatible for Editor in 0.77 ms, found 1 plugins.
Preloading 0 native plugins for Editor in 0.00 ms.
Unloading 1895 Unused Serialized files (Serialized files now loaded: 0)
System memory in use before: 87.0 MB.
System memory in use after: 87.1 MB.

Unloading 32 unused Assets to reduce memory usage. Loaded Objects now: 2330.
Total: 3.831200 ms (FindLiveObjects: 0.356000 ms CreateObjectMapping: 0.083300 ms MarkObjects: 3.276100 ms  DeleteObjects: 0.113100 ms)

========================================================================
Received Import Request.
  path: Assets/New Scripts/notACopyofBirdScript.cs
  artifactKey: Guid(04f4cb7319e37e44994d5d842f1417a1) Importer(815301076,1909f56bfc062723c751e8b465ee728b)
Start importing Assets/New Scripts/notACopyofBirdScript.cs using Guid(04f4cb7319e37e44994d5d842f1417a1) Importer(815301076,1909f56bfc062723c751e8b465ee728b)  -> (artifact id: '49c5f61346d3ffb738b522e4d3acdcb3') in 0.056847 seconds
  Import took 0.062210 seconds .

========================================================================
Received Import Request.
  Time since last request: 10.360027 seconds.
  path: Assets/New Scripts/notACopyOfColumn.cs
  artifactKey: Guid(2d636e28d63a8454b94c431656c8881d) Importer(815301076,1909f56bfc062723c751e8b465ee728b)
Start importing Assets/New Scripts/notACopyOfColumn.cs using Guid(2d636e28d63a8454b94c431656c8881d) Importer(815301076,1909f56bfc062723c751e8b465ee728b)  -> (artifact id: 'e0496f95bfeb2034cfb80671335c23fe') in 0.010059 seconds
  Import took 0.022194 seconds .

========================================================================
Received Import Request.
  Time since last request: 0.003242 seconds.
  path: Assets/New Scripts/notACopyOfColumn.cs
  artifactKey: Guid(2d636e28d63a8454b94c431656c8881d) Importer(815301076,1909f56bfc062723c751e8b465ee728b)
Start importing Assets/New Scripts/notACopyOfColumn.cs using Guid(2d636e28d63a8454b94c431656c8881d) Importer(815301076,1909f56bfc062723c751e8b465ee728b)  -> (artifact id: 'e0496f95bfeb2034cfb80671335c23fe') in 0.004834 seconds
  Import took 0.012320 seconds .

========================================================================
Received Import Request.
  Time since last request: 2.003157 seconds.
  path: Assets/New Scripts/notACopyofColumnPool.cs
  artifactKey: Guid(2b86fb365a3fdb94b937f83e896d3445) Importer(815301076,1909f56bfc062723c751e8b465ee728b)
Start importing Assets/New Scripts/notACopyofColumnPool.cs using Guid(2b86fb365a3fdb94b937f83e896d3445) Importer(815301076,1909f56bfc062723c751e8b465ee728b)  -> (artifact id: '87877c9521a1d1d66f5737fef792f4d8') in 0.009901 seconds
  Import took 0.014797 seconds .

========================================================================
Received Import Request.
  Time since last request: 0.059829 seconds.
  path: Assets/New Scripts/notACopyofColumnPool.cs
  artifactKey: Guid(2b86fb365a3fdb94b937f83e896d3445) Importer(815301076,1909f56bfc062723c751e8b465ee728b)
Start importing Assets/New Scripts/notACopyofColumnPool.cs using Guid(2b86fb365a3fdb94b937f83e896d3445) Importer(815301076,1909f56bfc062723c751e8b465ee728b)  -> (artifact id: '87877c9521a1d1d66f5737fef792f4d8') in 0.049382 seconds
  Import took 0.055197 seconds .

========================================================================
Received Prepare
Registering precompiled user dll's ...
Registered in 0.002632 seconds.
Begin MonoManager ReloadAssembly
Native extension for WindowsStandalone target not found
Native extension for WebGL target not found
Refreshing native plugins compatible for Editor in 0.61 ms, found 1 plugins.
Preloading 0 native plugins for Editor in 0.00 ms.
Invoked RoslynAnalysisRunner static constructor.
RoslynAnalysisRunner will not be running.
RoslynAnalysisRunner has terminated.
Mono: successfully reloaded assembly
- Completed reload, in  1.166 seconds
Platform modules already initialized, skipping
Refreshing native plugins compatible for Editor in 0.80 ms, found 1 plugins.
Preloading 0 native plugins for Editor in 0.00 ms.
Unloading 1885 Unused Serialized files (Serialized files now loaded: 0)
System memory in use before: 86.6 MB.
System memory in use after: 86.8 MB.

Unloading 20 unused Assets to reduce memory usage. Loaded Objects now: 2333.
Total: 3.330600 ms (FindLiveObjects: 0.457700 ms CreateObjectMapping: 0.051700 ms MarkObjects: 2.771000 ms  DeleteObjects: 0.047500 ms)

========================================================================
Received Prepare
Registering precompiled user dll's ...
Registered in 0.003187 seconds.
Begin MonoManager ReloadAssembly
Native extension for WindowsStandalone target not found
Native extension for WebGL target not found
Refreshing native plugins compatible for Editor in 0.57 ms, found 1 plugins.
Preloading 0 native plugins for Editor in 0.00 ms.
Invoked RoslynAnalysisRunner static constructor.
RoslynAnalysisRunner will not be running.
RoslynAnalysisRunner has terminated.
Mono: successfully reloaded assembly
- Completed reload, in  1.128 seconds
Platform modules already initialized, skipping
Refreshing native plugins compatible for Editor in 0.65 ms, found 1 plugins.
Preloading 0 native plugins for Editor in 0.00 ms.
Unloading 1885 Unused Serialized files (Serialized files now loaded: 0)
System memory in use before: 86.8 MB.
System memory in use after: 86.9 MB.

Unloading 20 unused Assets to reduce memory usage. Loaded Objects now: 2336.
Total: 3.789000 ms (FindLiveObjects: 0.448000 ms CreateObjectMapping: 0.068600 ms MarkObjects: 3.229300 ms  DeleteObjects: 0.039000 ms)

========================================================================
Received Prepare
Registering precompiled user dll's ...
Registered in 0.002148 seconds.
Begin MonoManager ReloadAssembly
Native extension for WindowsStandalone target not found
Native extension for WebGL target not found
Refreshing native plugins compatible for Editor in 1.25 ms, found 1 plugins.
Preloading 0 native plugins for Editor in 0.00 ms.
Invoked RoslynAnalysisRunner static constructor.
RoslynAnalysisRunner will not be running.
RoslynAnalysisRunner has terminated.
Mono: successfully reloaded assembly
- Completed reload, in  1.151 seconds
Platform modules already initialized, skipping
Refreshing native plugins compatible for Editor in 0.87 ms, found 1 plugins.
Preloading 0 native plugins for Editor in 0.00 ms.
Unloading 1885 Unused Serialized files (Serialized files now loaded: 0)
System memory in use before: 86.9 MB.
System memory in use after: 87.0 MB.

Unloading 20 unused Assets to reduce memory usage. Loaded Objects now: 2339.
Total: 2.841300 ms (FindLiveObjects: 0.499800 ms CreateObjectMapping: 0.109700 ms MarkObjects: 2.202700 ms  DeleteObjects: 0.026600 ms)

========================================================================
Received Import Request.
  Time since last request: 555.184579 seconds.
  path: Assets/New Scripts/notACopyofBirdScript.cs
  artifactKey: Guid(04f4cb7319e37e44994d5d842f1417a1) Importer(815301076,1909f56bfc062723c751e8b465ee728b)
Start importing Assets/New Scripts/notACopyofBirdScript.cs using Guid(04f4cb7319e37e44994d5d842f1417a1) Importer(815301076,1909f56bfc062723c751e8b465ee728b)  -> (artifact id: '52ed4b93e7d1c8311cb800de6eb1fa13') in 0.010164 seconds
  Import took 0.017487 seconds .

========================================================================
Received Import Request.
  Time since last request: 3.217396 seconds.
  path: Assets/New Scripts/NotACopyOfGameController.cs
  artifactKey: Guid(31dee0154232b5d4eafe6443d271b172) Importer(815301076,1909f56bfc062723c751e8b465ee728b)
Start importing Assets/New Scripts/NotACopyOfGameController.cs using Guid(31dee0154232b5d4eafe6443d271b172) Importer(815301076,1909f56bfc062723c751e8b465ee728b)  -> (artifact id: '43feeb381d18107ba7c2f2cdc64b961f') in 0.004495 seconds
  Import took 0.011883 seconds .

========================================================================
Received Import Request.
  Time since last request: 4.142056 seconds.
  path: Assets/New Scripts/notACopyOfRepeatingBG.cs
  artifactKey: Guid(d31da1ea60c4de640a6608c632b1976d) Importer(815301076,1909f56bfc062723c751e8b465ee728b)
Start importing Assets/New Scripts/notACopyOfRepeatingBG.cs using Guid(d31da1ea60c4de640a6608c632b1976d) Importer(815301076,1909f56bfc062723c751e8b465ee728b)  -> (artifact id: '18f9252da907bb0adff3d76e79cce51c') in 0.005459 seconds
  Import took 0.009886 seconds .

========================================================================
Received Import Request.
  Time since last request: 3.037198 seconds.
  path: Assets/New Scripts/notACopyOfScrollingObject.cs
  artifactKey: Guid(14580a8194c839940b850adb31f40f04) Importer(815301076,1909f56bfc062723c751e8b465ee728b)
Start importing Assets/New Scripts/notACopyOfScrollingObject.cs using Guid(14580a8194c839940b850adb31f40f04) Importer(815301076,1909f56bfc062723c751e8b465ee728b)  -> (artifact id: 'fd4ee99532a17019e4aca22664caf7f7') in 0.026862 seconds
  Import took 0.032086 seconds .

========================================================================
Received Import Request.
  Time since last request: 0.001694 seconds.
  path: Assets/New Scripts/notACopyOfScrollingObject.cs
  artifactKey: Guid(14580a8194c839940b850adb31f40f04) Importer(815301076,1909f56bfc062723c751e8b465ee728b)
Start importing Assets/New Scripts/notACopyOfScrollingObject.cs using Guid(14580a8194c839940b850adb31f40f04) Importer(815301076,1909f56bfc062723c751e8b465ee728b)  -> (artifact id: 'fd4ee99532a17019e4aca22664caf7f7') in 0.004117 seconds
  Import took 0.010539 seconds .

========================================================================
Received Import Request.
  Time since last request: 69.939021 seconds.
  path: Assets/Prefabs/steve.prefab
  artifactKey: Guid(2681e74f991ea9d4eab0b1ebe8036652) Importer(815301076,1909f56bfc062723c751e8b465ee728b)
Start importing Assets/Prefabs/steve.prefab using Guid(2681e74f991ea9d4eab0b1ebe8036652) Importer(815301076,1909f56bfc062723c751e8b465ee728b)  -> (artifact id: '0f8387b0c6b03e5098f2f144457fd35f') in 0.172732 seconds
  Import took 0.178229 seconds .

========================================================================
Received Import Request.
  Time since last request: 1.683002 seconds.
  path: Assets/Prefabs/scenery.prefab
  artifactKey: Guid(dfc9a534c949494448894131bee270d7) Importer(815301076,1909f56bfc062723c751e8b465ee728b)
Start importing Assets/Prefabs/scenery.prefab using Guid(dfc9a534c949494448894131bee270d7) Importer(815301076,1909f56bfc062723c751e8b465ee728b)  -> (artifact id: '85673009e6cf132e0b74557300361e0a') in 0.028867 seconds
  Import took 0.033272 seconds .

========================================================================
Received Prepare
Registering precompiled user dll's ...
Registered in 0.001203 seconds.
Begin MonoManager ReloadAssembly
Native extension for WindowsStandalone target not found
Native extension for WebGL target not found
Refreshing native plugins compatible for Editor in 1.01 ms, found 1 plugins.
Preloading 0 native plugins for Editor in 0.00 ms.
Invoked RoslynAnalysisRunner static constructor.
RoslynAnalysisRunner will not be running.
RoslynAnalysisRunner has terminated.
Mono: successfully reloaded assembly
- Completed reload, in  1.175 seconds
Platform modules already initialized, skipping
Refreshing native plugins compatible for Editor in 0.60 ms, found 1 plugins.
Preloading 0 native plugins for Editor in 0.00 ms.
Unloading 1885 Unused Serialized files (Serialized files now loaded: 0)
System memory in use before: 90.1 MB.
System memory in use after: 90.2 MB.

Unloading 20 unused Assets to reduce memory usage. Loaded Objects now: 2349.
Total: 2.646600 ms (FindLiveObjects: 0.239800 ms CreateObjectMapping: 0.052200 ms MarkObjects: 2.318300 ms  DeleteObjects: 0.034000 ms)

========================================================================
Received Prepare
Registering precompiled user dll's ...
Registered in 0.001297 seconds.
Begin MonoManager ReloadAssembly
Native extension for WindowsStandalone target not found
Native extension for WebGL target not found
Refreshing native plugins compatible for Editor in 0.61 ms, found 1 plugins.
Preloading 0 native plugins for Editor in 0.00 ms.
Invoked RoslynAnalysisRunner static constructor.
RoslynAnalysisRunner will not be running.
RoslynAnalysisRunner has terminated.
Mono: successfully reloaded assembly
- Completed reload, in  1.157 seconds
Platform modules already initialized, skipping
Refreshing native plugins compatible for Editor in 0.98 ms, found 1 plugins.
Preloading 0 native plugins for Editor in 0.00 ms.
Unloading 1885 Unused Serialized files (Serialized files now loaded: 0)
System memory in use before: 90.2 MB.
System memory in use after: 90.3 MB.

Unloading 20 unused Assets to reduce memory usage. Loaded Objects now: 2352.
Total: 2.842900 ms (FindLiveObjects: 0.340300 ms CreateObjectMapping: 0.079000 ms MarkObjects: 2.396400 ms  DeleteObjects: 0.025300 ms)

========================================================================
Received Import Request.
  Time since last request: 139.933564 seconds.
  path: Assets/Prefabs/enderManHolder.prefab
  artifactKey: Guid(8dd0cb28199aacd48b9265438c05ea68) Importer(815301076,1909f56bfc062723c751e8b465ee728b)
Start importing Assets/Prefabs/enderManHolder.prefab using Guid(8dd0cb28199aacd48b9265438c05ea68) Importer(815301076,1909f56bfc062723c751e8b465ee728b)  -> (artifact id: 'bc393ec085806bf71ed5d114a788c0ec') in 0.077714 seconds
  Import took 0.081712 seconds .

========================================================================
Received Import Request.
  Time since last request: 0.000237 seconds.
  path: ProjectSettings/TagManager.asset
  artifactKey: Guid(00000000000000003000000000000000) Importer(815301076,1909f56bfc062723c751e8b465ee728b)
Start importing ProjectSettings/TagManager.asset using Guid(00000000000000003000000000000000) Importer(815301076,1909f56bfc062723c751e8b465ee728b)  -> (artifact id: '1293fb24a9241d1b60d5c61facc987ce') in 0.006189 seconds
  Import took 0.009668 seconds .

========================================================================
Received Import Request.
  Time since last request: 6.526792 seconds.
  path: Assets/Prefabs/enderManHolder.prefab
  artifactKey: Guid(8dd0cb28199aacd48b9265438c05ea68) Importer(815301076,1909f56bfc062723c751e8b465ee728b)
Start importing Assets/Prefabs/enderManHolder.prefab using Guid(8dd0cb28199aacd48b9265438c05ea68) Importer(815301076,1909f56bfc062723c751e8b465ee728b)  -> (artifact id: 'cbd9307907d7bbc884dc427c98e70998') in 0.012140 seconds
  Import took 0.016368 seconds .

========================================================================
Received Import Request.
  Time since last request: 5.820068 seconds.
  path: Assets/Prefabs/enderManHolder.prefab
  artifactKey: Guid(8dd0cb28199aacd48b9265438c05ea68) Importer(815301076,1909f56bfc062723c751e8b465ee728b)
Start importing Assets/Prefabs/enderManHolder.prefab using Guid(8dd0cb28199aacd48b9265438c05ea68) Importer(815301076,1909f56bfc062723c751e8b465ee728b)  -> (artifact id: '864c9dfd20eff4914fa187fb2f5eb0fd') in 0.014734 seconds
  Import took 0.019168 seconds .

========================================================================
Received Import Request.
  Time since last request: 2.163810 seconds.
  path: Assets/Prefabs/enderManHolder.prefab
  artifactKey: Guid(8dd0cb28199aacd48b9265438c05ea68) Importer(815301076,1909f56bfc062723c751e8b465ee728b)
Start importing Assets/Prefabs/enderManHolder.prefab using Guid(8dd0cb28199aacd48b9265438c05ea68) Importer(815301076,1909f56bfc062723c751e8b465ee728b)  -> (artifact id: '9684db681955694be51020eb8501706e') in 0.025588 seconds
  Import took 0.031768 seconds .

========================================================================
Received Prepare
Registering precompiled user dll's ...
Registered in 0.001514 seconds.
Begin MonoManager ReloadAssembly
Native extension for WindowsStandalone target not found
Native extension for WebGL target not found
Refreshing native plugins compatible for Editor in 0.83 ms, found 1 plugins.
Preloading 0 native plugins for Editor in 0.00 ms.
Invoked RoslynAnalysisRunner static constructor.
RoslynAnalysisRunner will not be running.
RoslynAnalysisRunner has terminated.
Mono: successfully reloaded assembly
- Completed reload, in  1.136 seconds
Platform modules already initialized, skipping
Refreshing native plugins compatible for Editor in 0.63 ms, found 1 plugins.
Preloading 0 native plugins for Editor in 0.00 ms.
Unloading 1885 Unused Serialized files (Serialized files now loaded: 0)
System memory in use before: 90.5 MB.
System memory in use after: 90.6 MB.

Unloading 21 unused Assets to reduce memory usage. Loaded Objects now: 2356.
Total: 2.619700 ms (FindLiveObjects: 0.428600 ms CreateObjectMapping: 0.056600 ms MarkObjects: 2.105400 ms  DeleteObjects: 0.026900 ms)

========================================================================
Received Prepare
Registering precompiled user dll's ...
Registered in 0.001579 seconds.
Begin MonoManager ReloadAssembly
Native extension for WindowsStandalone target not found
Native extension for WebGL target not found
Refreshing native plugins compatible for Editor in 0.80 ms, found 1 plugins.
Preloading 0 native plugins for Editor in 0.00 ms.
Invoked RoslynAnalysisRunner static constructor.
RoslynAnalysisRunner will not be running.
RoslynAnalysisRunner has terminated.
Mono: successfully reloaded assembly
- Completed reload, in  1.176 seconds
Platform modules already initialized, skipping
Refreshing native plugins compatible for Editor in 0.72 ms, found 1 plugins.
Preloading 0 native plugins for Editor in 0.00 ms.
Unloading 1885 Unused Serialized files (Serialized files now loaded: 0)
System memory in use before: 90.6 MB.
System memory in use after: 90.7 MB.

Unloading 20 unused Assets to reduce memory usage. Loaded Objects now: 2359.
Total: 2.617600 ms (FindLiveObjects: 0.281700 ms CreateObjectMapping: 0.047600 ms MarkObjects: 2.263900 ms  DeleteObjects: 0.022900 ms)

========================================================================
Received Import Request.
  Time since last request: 145.999167 seconds.
  path: Assets/Prefabs/enderManHolder.prefab
  artifactKey: Guid(8dd0cb28199aacd48b9265438c05ea68) Importer(815301076,1909f56bfc062723c751e8b465ee728b)
Start importing Assets/Prefabs/enderManHolder.prefab using Guid(8dd0cb28199aacd48b9265438c05ea68) Importer(815301076,1909f56bfc062723c751e8b465ee728b)  -> (artifact id: 'd30b0eda870aa712f752683bd19ae69a') in 0.068821 seconds
  Import took 0.073203 seconds .

========================================================================
Received Import Request.
  Time since last request: 0.000235 seconds.
  path: Assets/Prefabs/scenery.prefab
  artifactKey: Guid(dfc9a534c949494448894131bee270d7) Importer(815301076,1909f56bfc062723c751e8b465ee728b)
Start importing Assets/Prefabs/scenery.prefab using Guid(dfc9a534c949494448894131bee270d7) Importer(815301076,1909f56bfc062723c751e8b465ee728b)  -> (artifact id: '7cfca8e20a6f554d3751f6d8ef06908c') in 0.025283 seconds
  Import took 0.029946 seconds .

========================================================================
Received Prepare
Registering precompiled user dll's ...
Registered in 0.001872 seconds.
Begin MonoManager ReloadAssembly
Native extension for WindowsStandalone target not found
Native extension for WebGL target not found
Refreshing native plugins compatible for Editor in 1.35 ms, found 1 plugins.
Preloading 0 native plugins for Editor in 0.00 ms.
Invoked RoslynAnalysisRunner static constructor.
RoslynAnalysisRunner will not be running.
RoslynAnalysisRunner has terminated.
Mono: successfully reloaded assembly
- Completed reload, in  1.324 seconds
Platform modules already initialized, skipping
Refreshing native plugins compatible for Editor in 1.14 ms, found 1 plugins.
Preloading 0 native plugins for Editor in 0.00 ms.
Unloading 1885 Unused Serialized files (Serialized files now loaded: 0)
System memory in use before: 90.7 MB.
System memory in use after: 90.8 MB.

Unloading 20 unused Assets to reduce memory usage. Loaded Objects now: 2363.
Total: 3.484700 ms (FindLiveObjects: 0.253300 ms CreateObjectMapping: 0.047500 ms MarkObjects: 3.148200 ms  DeleteObjects: 0.034100 ms)

========================================================================
Received Prepare
Registering precompiled user dll's ...
Registered in 0.001884 seconds.
Begin MonoManager ReloadAssembly
Native extension for WindowsStandalone target not found
Native extension for WebGL target not found
Refreshing native plugins compatible for Editor in 0.66 ms, found 1 plugins.
Preloading 0 native plugins for Editor in 0.00 ms.
Invoked RoslynAnalysisRunner static constructor.
RoslynAnalysisRunner will not be running.
RoslynAnalysisRunner has terminated.
Mono: successfully reloaded assembly
- Completed reload, in  1.206 seconds
Platform modules already initialized, skipping
Refreshing native plugins compatible for Editor in 0.62 ms, found 1 plugins.
Preloading 0 native plugins for Editor in 0.00 ms.
Unloading 1885 Unused Serialized files (Serialized files now loaded: 0)
System memory in use before: 90.8 MB.
System memory in use after: 90.9 MB.

Unloading 20 unused Assets to reduce memory usage. Loaded Objects now: 2366.
Total: 3.031600 ms (FindLiveObjects: 0.321100 ms CreateObjectMapping: 0.079400 ms MarkObjects: 2.601200 ms  DeleteObjects: 0.027800 ms)

========================================================================
Received Prepare
Registering precompiled user dll's ...
Registered in 0.001613 seconds.
Begin MonoManager ReloadAssembly
Native extension for WindowsStandalone target not found
Native extension for WebGL target not found
Refreshing native plugins compatible for Editor in 0.89 ms, found 1 plugins.
Preloading 0 native plugins for Editor in 0.00 ms.
Invoked RoslynAnalysisRunner static constructor.
RoslynAnalysisRunner will not be running.
RoslynAnalysisRunner has terminated.
Mono: successfully reloaded assembly
- Completed reload, in  1.406 seconds
Platform modules already initialized, skipping
Refreshing native plugins compatible for Editor in 0.64 ms, found 1 plugins.
Preloading 0 native plugins for Editor in 0.00 ms.
Unloading 1885 Unused Serialized files (Serialized files now loaded: 0)
System memory in use before: 90.9 MB.
System memory in use after: 91.0 MB.

Unloading 20 unused Assets to reduce memory usage. Loaded Objects now: 2369.
Total: 3.230700 ms (FindLiveObjects: 0.357400 ms CreateObjectMapping: 0.065700 ms MarkObjects: 2.764100 ms  DeleteObjects: 0.041400 ms)

========================================================================
Received Import Request.
  Time since last request: 110.176797 seconds.
  path: Assets/Prefabs/enderManHolder.prefab
  artifactKey: Guid(8dd0cb28199aacd48b9265438c05ea68) Importer(815301076,1909f56bfc062723c751e8b465ee728b)
Start importing Assets/Prefabs/enderManHolder.prefab using Guid(8dd0cb28199aacd48b9265438c05ea68) Importer(815301076,1909f56bfc062723c751e8b465ee728b)  -> (artifact id: '77b3725edb3a2b39b91f7e9fdfbeaaa7') in 0.072886 seconds
  Import took 0.077665 seconds .

========================================================================
Received Prepare
Registering precompiled user dll's ...
Registered in 0.002424 seconds.
Begin MonoManager ReloadAssembly
Native extension for WindowsStandalone target not found
Native extension for WebGL target not found
Refreshing native plugins compatible for Editor in 0.92 ms, found 1 plugins.
Preloading 0 native plugins for Editor in 0.00 ms.
Invoked RoslynAnalysisRunner static constructor.
RoslynAnalysisRunner will not be running.
RoslynAnalysisRunner has terminated.
Mono: successfully reloaded assembly
- Completed reload, in  1.118 seconds
Platform modules already initialized, skipping
Refreshing native plugins compatible for Editor in 0.80 ms, found 1 plugins.
Preloading 0 native plugins for Editor in 0.00 ms.
Unloading 1885 Unused Serialized files (Serialized files now loaded: 0)
System memory in use before: 91.0 MB.
System memory in use after: 91.1 MB.

Unloading 20 unused Assets to reduce memory usage. Loaded Objects now: 2373.
Total: 4.706600 ms (FindLiveObjects: 0.264400 ms CreateObjectMapping: 0.091600 ms MarkObjects: 4.284600 ms  DeleteObjects: 0.062300 ms)

AssetImportWorkerClient::OnTransportError - code=2 error=End of file
